<?xml version="1.0" encoding="UTF-8"?>
<!-- Generated by org.testng.reporters.JUnitXMLReporter -->
<testsuite ignored="0" hostname="Lenovo" failures="0" tests="10" name="Default test" time="13.838" errors="0" timestamp="23 Aug 2018 11:24:36 GMT">
  <testcase classname="snl_service.SnlTest_v2" name="getListOfBoard" time="5.607"/>
  <testcase classname="snl_service.SnlTest_v2" name="getNewBoard" time="0.982"/>
  <testcase classname="snl_service.SnlTest_v2" name="geBoardDetail" time="0.184"/>
  <testcase classname="snl_service.SnlTest_v2" name="createNewPlayer" time="1.44"/>
  <testcase classname="snl_service.SnlTest_v2" name="updatePlayer" time="0.188"/>
  <testcase classname="snl_service.SnlTest_v2" name="updateExistingPlayerWithSameName" time="0.173"/>
  <testcase classname="snl_service.SnlTest_v2" name="moveOnBoard" time="0.316"/>
  <testcase classname="snl_service.SnlTest_v2" name="deletePlayer" time="0.17"/>
  <testcase classname="snl_service.SnlTest_v2" name="resetBoard" time="0.273"/>
  <testcase classname="snl_service.SnlTest_v2" name="deleteBoard" time="0.335"/>
</testsuite> <!-- Default test -->
