<?xml version="1.0" encoding="UTF-8"?>
<!-- Generated by org.testng.reporters.JUnitXMLReporter -->
<testsuite ignored="0" hostname="Lenovo" failures="0" tests="10" name="V1" time="16.718" errors="0" timestamp="22 Aug 2018 08:53:05 GMT">
  <testcase classname="snl_service.SnlTest_v1" name="getListOfBoard" time="4.137"/>
  <testcase classname="snl_service.SnlTest_v1" name="getNewBoard" time="2.412"/>
  <testcase classname="snl_service.SnlTest_v1" name="geBoardDetail" time="0.253"/>
  <testcase classname="snl_service.SnlTest_v1" name="createNewPlayer" time="2.67"/>
  <testcase classname="snl_service.SnlTest_v1" name="updatePlayer" time="0.857"/>
  <testcase classname="snl_service.SnlTest_v1" name="updateExistingPlayerWithSameName" time="0.246"/>
  <testcase classname="snl_service.SnlTest_v1" name="moveOnBoard" time="0.646"/>
  <testcase classname="snl_service.SnlTest_v1" name="deletePlayer" time="3.429"/>
  <testcase classname="snl_service.SnlTest_v1" name="resetBoard" time="0.491"/>
  <testcase classname="snl_service.SnlTest_v1" name="deleteBoard" time="0.507"/>
</testsuite> <!-- V1 -->
