<?xml version="1.0" encoding="UTF-8"?>
<!-- Generated by org.testng.reporters.JUnitXMLReporter -->
<testsuite ignored="0" hostname="Lenovo" failures="0" tests="10" name="V1" time="22.384" errors="0" timestamp="23 Aug 2018 11:25:29 GMT">
  <testcase classname="snl_service.SnlTest_v1" name="getListOfBoard" time="2.344"/>
  <testcase classname="snl_service.SnlTest_v1" name="getNewBoard" time="0.889"/>
  <testcase classname="snl_service.SnlTest_v1" name="geBoardDetail" time="3.182"/>
  <testcase classname="snl_service.SnlTest_v1" name="createNewPlayer" time="4.41"/>
  <testcase classname="snl_service.SnlTest_v1" name="updatePlayer" time="0.174"/>
  <testcase classname="snl_service.SnlTest_v1" name="updateExistingPlayerWithSameName" time="0.194"/>
  <testcase classname="snl_service.SnlTest_v1" name="moveOnBoard" time="0.546"/>
  <testcase classname="snl_service.SnlTest_v1" name="deletePlayer" time="0.224"/>
  <testcase classname="snl_service.SnlTest_v1" name="resetBoard" time="0.333"/>
  <testcase classname="snl_service.SnlTest_v1" name="deleteBoard" time="9.36"/>
</testsuite> <!-- V1 -->
