<?xml version="1.0" encoding="UTF-8"?>
<!-- Generated by org.testng.reporters.JUnitXMLReporter -->
<testsuite ignored="0" hostname="Lenovo" failures="0" tests="3" name="V1_cucmber" time="43.729" errors="0" timestamp="23 Aug 2018 11:26:39 GMT">
  <testcase classname="cucumber.api.testng.AbstractTestNGCucumberTests" name="feature" time="15.748"/>
  <testcase classname="snl_service.SnlTest_v1_Cucumber" name="createBoard" time="2.748"/>
  <testcase classname="snl_service.SnlTest_v1_Cucumber" name="addUpdatePalyer" time="17.809"/>
</testsuite> <!-- V1_cucmber -->
