<?xml version="1.0" encoding="UTF-8"?>
<!-- Generated by org.testng.reporters.JUnitXMLReporter -->
<testsuite ignored="0" hostname="Lenovo" failures="0" tests="3" name="V1_cucmber" time="11.198" errors="0" timestamp="22 Aug 2018 08:53:22 GMT">
  <testcase classname="cucumber.api.testng.AbstractTestNGCucumberTests" name="feature" time="3.908"/>
  <testcase classname="snl_service.SnlTest_v1_Cucumber" name="createBoard" time="3.227"/>
  <testcase classname="snl_service.SnlTest_v1_Cucumber" name="addUpdatePalyer" time="3.136"/>
</testsuite> <!-- V1_cucmber -->
