<?xml version="1.0" encoding="UTF-8"?>
<testng-results ignored="0" total="1" passed="1" failed="0" skipped="0">
  <reporter-output>
  </reporter-output>
  <suite started-at="2018-08-22T10:19:46Z" name="Default suite" finished-at="2018-08-22T10:19:49Z" duration-ms="2877">
    <groups>
    </groups>
    <test started-at="2018-08-22T10:19:46Z" name="Default test" finished-at="2018-08-22T10:19:49Z" duration-ms="2877">
      <class name="snl_service.SnlTest_v3new">
        <test-method signature="getTokenOAuth2()[pri:0, instance:snl_service.SnlTest_v3new@e7edb54]" started-at="2018-08-22T10:19:46Z" name="getTokenOAuth2" finished-at="2018-08-22T10:19:49Z" duration-ms="2818" status="PASS">
          <reporter-output>
          </reporter-output>
        </test-method> <!-- getTokenOAuth2 -->
      </class> <!-- snl_service.SnlTest_v3new -->
    </test> <!-- Default test -->
  </suite> <!-- Default suite -->
</testng-results>
